2000.10.23 11:37 B C:\chris\idlprogs\meronlib\VINP.PRO <-- meron library CARS3$DKA200:[ANONYMOUS.MIDL] VINP.PRO;1
2000.10.23 11:37 B C:\chris\idlprogs\meronlib\VNORM.PRO <-- meron library CARS3$DKA200:[ANONYMOUS.MIDL] VNORM.PRO;1
2000.10.23 11:37 B C:\chris\idlprogs\meronlib\VOUP.PRO <-- meron library CARS3$DKA200:[ANONYMOUS.MIDL] VOUP.PRO;1
2000.10.23 11:37 B C:\chris\idlprogs\meronlib\WASCII.PRO <-- meron library CARS3$DKA200:[ANONYMOUS.MIDL] WASCII.PRO;1
2000.10.23 11:37 B C:\chris\idlprogs\meronlib\WHERINSTRUCT.PRO <-- meron library CARS3$DKA200:[ANONYMOUS.MIDL] WHERINSTRUCT.PRO;1
2000.10.23 11:37 B C:\chris\idlprogs\meronlib\WIGGLINE.PRO <-- meron library CARS3$DKA200:[ANONYMOUS.MIDL] WIGGLINE.PRO;1
2000.10.23 11:37 A C:\chris\idlprogs\meronlib\AAA_MIDL.TXT <-- meron library CARS3$DKA200:[ANONYMOUS.MIDL] AAA_MIDL.TXT;4
2000.10.23 11:37 A C:\chris\idlprogs\meronlib\ABGRAD.PRO <-- meron library CARS3$DKA200:[ANONYMOUS.MIDL] ABGRAD.PRO;1
2000.10.23 11:37 A C:\chris\idlprogs\meronlib\ABS_MM.PRO <-- meron library CARS3$DKA200:[ANONYMOUS.MIDL] ABS_MM.PRO;1
2000.10.23 11:37 A C:\chris\idlprogs\meronlib\ARC.PRO <-- meron library CARS3$DKA200:[ANONYMOUS.MIDL] ARC.PRO;1
2000.10.23 11:37 A C:\chris\idlprogs\meronlib\ARREQ.PRO <-- meron library CARS3$DKA200:[ANONYMOUS.MIDL] ARREQ.PRO;1
2000.10.23 11:37 A C:\chris\idlprogs\meronlib\ARRLOC.PRO <-- meron library CARS3$DKA200:[ANONYMOUS.MIDL] ARRLOC.PRO;1
2000.10.23 11:37 A C:\chris\idlprogs\meronlib\ARRO.PRO <-- meron library CARS3$DKA200:[ANONYMOUS.MIDL] ARRO.PRO;1
2000.10.23 11:37 A C:\chris\idlprogs\meronlib\ASP_CORR.PRO <-- meron library CARS3$DKA200:[ANONYMOUS.MIDL] ASP_CORR.PRO;1
2000.10.23 11:37 A C:\chris\idlprogs\meronlib\BESELK.PRO <-- meron library CARS3$DKA200:[ANONYMOUS.MIDL] BESELK.PRO;1
2000.10.23 11:37 A C:\chris\idlprogs\meronlib\BESELK_MM.PRO <-- meron library CARS3$DKA200:[ANONYMOUS.MIDL] BESELK_MM.PRO;1
2000.10.23 11:37 A C:\chris\idlprogs\meronlib\BOX.PRO <-- meron library CARS3$DKA200:[ANONYMOUS.MIDL] BOX.PRO;1
2000.10.23 11:37 A C:\chris\idlprogs\meronlib\CAST.PRO <-- meron library CARS3$DKA200:[ANONYMOUS.MIDL] CAST.PRO;1
2000.10.23 11:37 A C:\chris\idlprogs\meronlib\CHEBYSHEV_POL.PRO <-- meron library CARS3$DKA200:[ANONYMOUS.MIDL] CHEBYSHEV_POL.PRO;1
2000.10.23 11:37 A C:\chris\idlprogs\meronlib\CIRCLE.PRO <-- meron library CARS3$DKA200:[ANONYMOUS.MIDL] CIRCLE.PRO;1
2000.10.23 11:37 A C:\chris\idlprogs\meronlib\CONFRAC.PRO <-- meron library CARS3$DKA200:[ANONYMOUS.MIDL] CONFRAC.PRO;1
2000.10.23 11:37 A C:\chris\idlprogs\meronlib\CONSTANTS.PRO <-- meron library CARS3$DKA200:[ANONYMOUS.MIDL] CONSTANTS.PRO;1
2000.10.23 11:37 A C:\chris\idlprogs\meronlib\CONVOL_MM.PRO <-- meron library CARS3$DKA200:[ANONYMOUS.MIDL] CONVOL_MM.PRO;1
2000.10.23 11:37 A C:\chris\idlprogs\meronlib\COO_CONV.PRO <-- meron library CARS3$DKA200:[ANONYMOUS.MIDL] COO_CONV.PRO;1
2000.10.23 11:37 A C:\chris\idlprogs\meronlib\COSANGLE.PRO <-- meron library CARS3$DKA200:[ANONYMOUS.MIDL] COSANGLE.PRO;1
2000.10.23 11:37 A C:\chris\idlprogs\meronlib\DEFAULT.PRO <-- meron library CARS3$DKA200:[ANONYMOUS.MIDL] DEFAULT.PRO;1
2000.10.23 11:37 A C:\chris\idlprogs\meronlib\DEGLITCH.PRO <-- meron library CARS3$DKA200:[ANONYMOUS.MIDL] DEGLITCH.PRO;1
2000.10.23 11:37 A C:\chris\idlprogs\meronlib\DIAGOARR.PRO <-- meron library CARS3$DKA200:[ANONYMOUS.MIDL] DIAGOARR.PRO;1
2000.10.23 11:37 A C:\chris\idlprogs\meronlib\DIAGOVEC.PRO <-- meron library CARS3$DKA200:[ANONYMOUS.MIDL] DIAGOVEC.PRO;1
2000.10.23 11:37 A C:\chris\idlprogs\meronlib\ELLIPSE.PRO <-- meron library CARS3$DKA200:[ANONYMOUS.MIDL] ELLIPSE.PRO;1
2000.10.23 11:37 A C:\chris\idlprogs\meronlib\ERRBARS.PRO <-- meron library CARS3$DKA200:[ANONYMOUS.MIDL] ERRBARS.PRO;1
2000.10.23 11:37 A C:\chris\idlprogs\meronlib\ERRORF_MM.PRO <-- meron library CARS3$DKA200:[ANONYMOUS.MIDL] ERRORF_MM.PRO;1
2000.10.23 11:37 A C:\chris\idlprogs\meronlib\EXTEND_ARRAY.PRO <-- meron library CARS3$DKA200:[ANONYMOUS.MIDL] EXTEND_ARRAY.PRO;1
2000.10.23 11:37 A C:\chris\idlprogs\meronlib\EXTREMA.PRO <-- meron library CARS3$DKA200:[ANONYMOUS.MIDL] EXTREMA.PRO;1
2000.10.23 11:37 A C:\chris\idlprogs\meronlib\FPU_FIX.PRO <-- meron library CARS3$DKA200:[ANONYMOUS.MIDL] FPU_FIX.PRO;1
2000.10.23 11:37 A C:\chris\idlprogs\meronlib\FRESNEL_INT.PRO <-- meron library CARS3$DKA200:[ANONYMOUS.MIDL] FRESNEL_INT.PRO;1
2000.10.23 11:37 A C:\chris\idlprogs\meronlib\GAMMA_MM.PRO <-- meron library CARS3$DKA200:[ANONYMOUS.MIDL] GAMMA_MM.PRO;1
2000.10.23 11:38 A C:\chris\idlprogs\meronlib\HEAD.PRO <-- meron library CARS3$DKA200:[ANONYMOUS.MIDL] HEAD.PRO;1
2000.10.23 11:38 A C:\chris\idlprogs\meronlib\HOW_MANY.PRO <-- meron library CARS3$DKA200:[ANONYMOUS.MIDL] HOW_MANY.PRO;1
2000.10.23 11:38 A C:\chris\idlprogs\meronlib\IGAMMA_MM.PRO <-- meron library CARS3$DKA200:[ANONYMOUS.MIDL] IGAMMA_MM.PRO;1
2000.10.23 11:38 A C:\chris\idlprogs\meronlib\IMAGINARY_MM.PRO <-- meron library CARS3$DKA200:[ANONYMOUS.MIDL] IMAGINARY_MM.PRO;1
2000.10.23 11:38 A C:\chris\idlprogs\meronlib\INTEG.PRO <-- meron library CARS3$DKA200:[ANONYMOUS.MIDL] INTEG.PRO;1
2000.10.23 11:38 A C:\chris\idlprogs\meronlib\ISNUM.PRO <-- meron library CARS3$DKA200:[ANONYMOUS.MIDL] ISNUM.PRO;1
2000.10.23 11:38 A C:\chris\idlprogs\meronlib\LABELS.PRO <-- meron library CARS3$DKA200:[ANONYMOUS.MIDL] LABELS.PRO;1
2000.10.23 11:38 A C:\chris\idlprogs\meronlib\LAPLACIAN.PRO <-- meron library CARS3$DKA200:[ANONYMOUS.MIDL] LAPLACIAN.PRO;1
2000.10.23 11:38 A C:\chris\idlprogs\meronlib\LEGENDRE_POL.PRO <-- meron library CARS3$DKA200:[ANONYMOUS.MIDL] LEGENDRE_POL.PRO;1
2000.10.23 11:38 A C:\chris\idlprogs\meronlib\LINCROSS.PRO <-- meron library CARS3$DKA200:[ANONYMOUS.MIDL] LINCROSS.PRO;1
2000.10.23 11:38 A C:\chris\idlprogs\meronlib\LINFIT_MM.PRO <-- meron library CARS3$DKA200:[ANONYMOUS.MIDL] LINFIT_MM.PRO;1
2000.10.23 11:38 A C:\chris\idlprogs\meronlib\LNGAMMA_MM.PRO <-- meron library CARS3$DKA200:[ANONYMOUS.MIDL] LNGAMMA_MM.PRO;1
2000.10.23 11:38 A C:\chris\idlprogs\meronlib\M_ABS.PRO <-- meron library CARS3$DKA200:[ANONYMOUS.MIDL] M_ABS.PRO;1
2000.10.23 11:38 A C:\chris\idlprogs\meronlib\M_CONVOL.PRO <-- meron library CARS3$DKA200:[ANONYMOUS.MIDL] M_CONVOL.PRO;1
2000.10.23 11:38 A C:\chris\idlprogs\meronlib\M_ERRORF.PRO <-- meron library CARS3$DKA200:[ANONYMOUS.MIDL] M_ERRORF.PRO;1
2000.10.23 11:38 A C:\chris\idlprogs\meronlib\M_GAMMA.PRO <-- meron library CARS3$DKA200:[ANONYMOUS.MIDL] M_GAMMA.PRO;1
2000.10.23 11:38 A C:\chris\idlprogs\meronlib\M_IGAMMA.PRO <-- meron library CARS3$DKA200:[ANONYMOUS.MIDL] M_IGAMMA.PRO;1
2000.10.23 11:38 A C:\chris\idlprogs\meronlib\M_IMAGINARY.PRO <-- meron library CARS3$DKA200:[ANONYMOUS.MIDL] M_IMAGINARY.PRO;1
2000.10.23 11:38 A C:\chris\idlprogs\meronlib\M_LINFIT.PRO <-- meron library CARS3$DKA200:[ANONYMOUS.MIDL] M_LINFIT.PRO;1
2000.10.23 11:38 A C:\chris\idlprogs\meronlib\M_LNGAMMA.PRO <-- meron library CARS3$DKA200:[ANONYMOUS.MIDL] M_LNGAMMA.PRO;1
2000.10.23 11:38 A C:\chris\idlprogs\meronlib\M_NERFC.PRO <-- meron library CARS3$DKA200:[ANONYMOUS.MIDL] M_NERFC.PRO;1
2000.10.23 11:38 A C:\chris\idlprogs\meronlib\M_REAL.PRO <-- meron library CARS3$DKA200:[ANONYMOUS.MIDL] M_REAL.PRO;1
2000.10.23 11:38 A C:\chris\idlprogs\meronlib\M_SMOOTH.PRO <-- meron library CARS3$DKA200:[ANONYMOUS.MIDL] M_SMOOTH.PRO;1
2000.10.23 11:38 A C:\chris\idlprogs\meronlib\MAKE_GRID.PRO <-- meron library CARS3$DKA200:[ANONYMOUS.MIDL] MAKE_GRID.PRO;1
2000.10.23 11:38 A C:\chris\idlprogs\meronlib\MIDL_LIB.TXT <-- meron library CARS3$DKA200:[ANONYMOUS.MIDL] MIDL_LIB.TXT;4
2000.10.23 11:38 A C:\chris\idlprogs\meronlib\NATAN.PRO <-- meron library CARS3$DKA200:[ANONYMOUS.MIDL] NATAN.PRO;1
2000.10.23 11:38 A C:\chris\idlprogs\meronlib\NEIGHBORS.PRO <-- meron library CARS3$DKA200:[ANONYMOUS.MIDL] NEIGHBORS.PRO;1
2000.10.23 11:38 A C:\chris\idlprogs\meronlib\NERFC_MM.PRO <-- meron library CARS3$DKA200:[ANONYMOUS.MIDL] NERFC_MM.PRO;1
2000.10.23 11:38 A C:\chris\idlprogs\meronlib\NOISE.PRO <-- meron library CARS3$DKA200:[ANONYMOUS.MIDL] NOISE.PRO;1
2000.10.23 11:38 A C:\chris\idlprogs\meronlib\OBSTAT.PRO <-- meron library CARS3$DKA200:[ANONYMOUS.MIDL] OBSTAT.PRO;1
2000.10.23 11:38 A C:\chris\idlprogs\meronlib\OCONSEC.PRO <-- meron library CARS3$DKA200:[ANONYMOUS.MIDL] OCONSEC.PRO;1
2000.10.23 11:38 A C:\chris\idlprogs\meronlib\ONE_OF.PRO <-- meron library CARS3$DKA200:[ANONYMOUS.MIDL] ONE_OF.PRO;1
2000.10.23 11:38 A C:\chris\idlprogs\meronlib\OUTPUT.PRO <-- meron library CARS3$DKA200:[ANONYMOUS.MIDL] OUTPUT.PRO;1
2000.10.23 11:38 A C:\chris\idlprogs\meronlib\PARTOT.PRO <-- meron library CARS3$DKA200:[ANONYMOUS.MIDL] PARTOT.PRO;1
2000.10.23 11:38 A C:\chris\idlprogs\meronlib\PLOT_VER2.PRO <-- meron library CARS3$DKA200:[ANONYMOUS.MIDL] PLOT_VER2.PRO;1
2000.10.23 11:38 A C:\chris\idlprogs\meronlib\PLOTOT.PRO <-- meron library CARS3$DKA200:[ANONYMOUS.MIDL] PLOTOT.PRO;1
2000.10.23 11:38 A C:\chris\idlprogs\meronlib\PLVAR_KEEP.PRO <-- meron library CARS3$DKA200:[ANONYMOUS.MIDL] PLVAR_KEEP.PRO;1
2000.10.23 11:38 A C:\chris\idlprogs\meronlib\POLEVAL.PRO <-- meron library CARS3$DKA200:[ANONYMOUS.MIDL] POLEVAL.PRO;1
2000.10.23 11:38 A C:\chris\idlprogs\meronlib\PRINUMS.PRO <-- meron library CARS3$DKA200:[ANONYMOUS.MIDL] PRINUMS.PRO;1
2000.10.23 11:38 A C:\chris\idlprogs\meronlib\RANDISC.PRO <-- meron library CARS3$DKA200:[ANONYMOUS.MIDL] RANDISC.PRO;1
2000.10.23 11:38 A C:\chris\idlprogs\meronlib\RASCII.PRO <-- meron library CARS3$DKA200:[ANONYMOUS.MIDL] RASCII.PRO;1
2000.10.23 11:38 A C:\chris\idlprogs\meronlib\REAL_MM.PRO <-- meron library CARS3$DKA200:[ANONYMOUS.MIDL] REAL_MM.PRO;1
2000.10.23 11:38 A C:\chris\idlprogs\meronlib\RECTAN.PRO <-- meron library CARS3$DKA200:[ANONYMOUS.MIDL] RECTAN.PRO;1
2000.10.23 11:38 A C:\chris\idlprogs\meronlib\ROMBERG.PRO <-- meron library CARS3$DKA200:[ANONYMOUS.MIDL] ROMBERG.PRO;1
2000.10.23 11:38 A C:\chris\idlprogs\meronlib\ROOT.PRO <-- meron library CARS3$DKA200:[ANONYMOUS.MIDL] ROOT.PRO;1
2000.10.23 11:38 A C:\chris\idlprogs\meronlib\SEQLIM.PRO <-- meron library CARS3$DKA200:[ANONYMOUS.MIDL] SEQLIM.PRO;1
2000.10.23 11:38 A C:\chris\idlprogs\meronlib\SERIES_SUM.PRO <-- meron library CARS3$DKA200:[ANONYMOUS.MIDL] SERIES_SUM.PRO;1
2000.10.23 11:38 A C:\chris\idlprogs\meronlib\SHAPE_AREA.PRO <-- meron library CARS3$DKA200:[ANONYMOUS.MIDL] SHAPE_AREA.PRO;1
2000.10.23 11:38 A C:\chris\idlprogs\meronlib\SHAPE_CLOSE.PRO <-- meron library CARS3$DKA200:[ANONYMOUS.MIDL] SHAPE_CLOSE.PRO;1
2000.10.23 11:38 A C:\chris\idlprogs\meronlib\SHAPE_COCON.PRO <-- meron library CARS3$DKA200:[ANONYMOUS.MIDL] SHAPE_COCON.PRO;1
2000.10.23 11:38 A C:\chris\idlprogs\meronlib\SHAPE_EDGE.PRO <-- meron library CARS3$DKA200:[ANONYMOUS.MIDL] SHAPE_EDGE.PRO;1
2000.10.23 11:38 A C:\chris\idlprogs\meronlib\SHAPE_OVERLAP.PRO <-- meron library CARS3$DKA200:[ANONYMOUS.MIDL] SHAPE_OVERLAP.PRO;1
2000.10.23 11:38 A C:\chris\idlprogs\meronlib\SHAPE_TRANS.PRO <-- meron library CARS3$DKA200:[ANONYMOUS.MIDL] SHAPE_TRANS.PRO;1
2000.10.23 11:38 A C:\chris\idlprogs\meronlib\SHAPE_VER.PRO <-- meron library CARS3$DKA200:[ANONYMOUS.MIDL] SHAPE_VER.PRO;1
2000.10.23 11:38 A C:\chris\idlprogs\meronlib\SHUFFLE.PRO <-- meron library CARS3$DKA200:[ANONYMOUS.MIDL] SHUFFLE.PRO;1
2000.10.23 11:38 A C:\chris\idlprogs\meronlib\SIGN.PRO <-- meron library CARS3$DKA200:[ANONYMOUS.MIDL] SIGN.PRO;1
2000.10.23 11:38 A C:\chris\idlprogs\meronlib\SMOOTH_MM.PRO <-- meron library CARS3$DKA200:[ANONYMOUS.MIDL] SMOOTH_MM.PRO;1
2000.10.23 11:38 A C:\chris\idlprogs\meronlib\SOLVE_LINSYS.PRO <-- meron library CARS3$DKA200:[ANONYMOUS.MIDL] SOLVE_LINSYS.PRO;1
2000.10.23 11:38 A C:\chris\idlprogs\meronlib\SORPURGE.PRO <-- meron library CARS3$DKA200:[ANONYMOUS.MIDL] SORPURGE.PRO;1
2000.10.23 11:38 A C:\chris\idlprogs\meronlib\SP_BESELJ.PRO <-- meron library CARS3$DKA200:[ANONYMOUS.MIDL] SP_BESELJ.PRO;1
2000.10.23 11:38 A C:\chris\idlprogs\meronlib\SP_BESELY.PRO <-- meron library CARS3$DKA200:[ANONYMOUS.MIDL] SP_BESELY.PRO;1
2000.10.23 11:38 A C:\chris\idlprogs\meronlib\SPHEREG.PRO <-- meron library CARS3$DKA200:[ANONYMOUS.MIDL] SPHEREG.PRO;2
2000.10.23 11:38 A C:\chris\idlprogs\meronlib\SPLIN_COEFFS.PRO <-- meron library CARS3$DKA200:[ANONYMOUS.MIDL] SPLIN_COEFFS.PRO;1
2000.10.23 11:38 A C:\chris\idlprogs\meronlib\SPLIN_EVAL.PRO <-- meron library CARS3$DKA200:[ANONYMOUS.MIDL] SPLIN_EVAL.PRO;1
2000.10.23 11:38 A C:\chris\idlprogs\meronlib\SPLINROOT.PRO <-- meron library CARS3$DKA200:[ANONYMOUS.MIDL] SPLINROOT.PRO;1
2000.10.23 11:38 A C:\chris\idlprogs\meronlib\SPLINT.PRO <-- meron library CARS3$DKA200:[ANONYMOUS.MIDL] SPLINT.PRO;1
2000.10.23 11:38 A C:\chris\idlprogs\meronlib\SQUARE.PRO <-- meron library CARS3$DKA200:[ANONYMOUS.MIDL] SQUARE.PRO;1
2000.10.23 11:38 A C:\chris\idlprogs\meronlib\SQUNEXP.PRO <-- meron library CARS3$DKA200:[ANONYMOUS.MIDL] SQUNEXP.PRO;1
2000.10.23 11:38 A C:\chris\idlprogs\meronlib\SQUNORM.PRO <-- meron library CARS3$DKA200:[ANONYMOUS.MIDL] SQUNORM.PRO;1
2000.10.23 11:38 A C:\chris\idlprogs\meronlib\STREQ.PRO <-- meron library CARS3$DKA200:[ANONYMOUS.MIDL] STREQ.PRO;1
2000.10.23 11:38 A C:\chris\idlprogs\meronlib\STRMATCH.PRO <-- meron library CARS3$DKA200:[ANONYMOUS.MIDL] STRMATCH.PRO;1
2000.10.23 11:38 A C:\chris\idlprogs\meronlib\STRMATCH_MM.PRO <-- meron library CARS3$DKA200:[ANONYMOUS.MIDL] STRMATCH_MM.PRO;1
2000.10.23 11:38 A C:\chris\idlprogs\meronlib\STRPARSE.PRO <-- meron library CARS3$DKA200:[ANONYMOUS.MIDL] STRPARSE.PRO;1
2000.10.23 11:38 A C:\chris\idlprogs\meronlib\STRPARSE_MM.PRO <-- meron library CARS3$DKA200:[ANONYMOUS.MIDL] STRPARSE_MM.PRO;1
2000.10.23 11:38 A C:\chris\idlprogs\meronlib\TABULATE.PRO <-- meron library CARS3$DKA200:[ANONYMOUS.MIDL] TABULATE.PRO;1
2000.10.23 11:38 A C:\chris\idlprogs\meronlib\TAIL.PRO <-- meron library CARS3$DKA200:[ANONYMOUS.MIDL] TAIL.PRO;1
2000.10.23 11:38 A C:\chris\idlprogs\meronlib\TOLER.PRO <-- meron library CARS3$DKA200:[ANONYMOUS.MIDL] TOLER.PRO;1
2000.10.23 11:38 A C:\chris\idlprogs\meronlib\TYPE.PRO <-- meron library CARS3$DKA200:[ANONYMOUS.MIDL] TYPE.PRO;1
2000.10.23 11:38 A C:\chris\idlprogs\meronlib\UNIVEC.PRO <-- meron library CARS3$DKA200:[ANONYMOUS.MIDL] UNIVEC.PRO;1
